{"/Users/guidoperdomo/Programming/subtitle-translation/src/components/FileUpload.tsx": {"path":"/Users/guidoperdomo/Programming/subtitle-translation/src/components/FileUpload.tsx","statementMap":{"0":{"start":{"line":35,"column":34},"end":{"line":35,"column":null}},"1":{"start":{"line":37,"column":21},"end":{"line":45,"column":null}},"2":{"start":{"line":38,"column":4},"end":{"line":38,"column":null}},"3":{"start":{"line":39,"column":4},"end":{"line":39,"column":null}},"4":{"start":{"line":40,"column":4},"end":{"line":44,"column":null}},"5":{"start":{"line":41,"column":6},"end":{"line":41,"column":null}},"6":{"start":{"line":42,"column":4},"end":{"line":44,"column":null}},"7":{"start":{"line":43,"column":6},"end":{"line":43,"column":null}},"8":{"start":{"line":47,"column":21},"end":{"line":60,"column":null}},"9":{"start":{"line":48,"column":4},"end":{"line":48,"column":null}},"10":{"start":{"line":49,"column":4},"end":{"line":49,"column":null}},"11":{"start":{"line":50,"column":4},"end":{"line":50,"column":null}},"12":{"start":{"line":52,"column":4},"end":{"line":59,"column":null}},"13":{"start":{"line":53,"column":6},"end":{"line":58,"column":null}},"14":{"start":{"line":54,"column":29},"end":{"line":54,"column":null}},"15":{"start":{"line":55,"column":8},"end":{"line":55,"column":null}},"16":{"start":{"line":57,"column":8},"end":{"line":57,"column":null}},"17":{"start":{"line":62,"column":23},"end":{"line":72,"column":null}},"18":{"start":{"line":63,"column":4},"end":{"line":63,"column":null}},"19":{"start":{"line":64,"column":4},"end":{"line":71,"column":null}},"20":{"start":{"line":65,"column":6},"end":{"line":70,"column":null}},"21":{"start":{"line":66,"column":30},"end":{"line":66,"column":null}},"22":{"start":{"line":67,"column":8},"end":{"line":67,"column":null}},"23":{"start":{"line":69,"column":8},"end":{"line":69,"column":null}},"24":{"start":{"line":75,"column":23},"end":{"line":89,"column":null}},"25":{"start":{"line":76,"column":4},"end":{"line":88,"column":null}},"26":{"start":{"line":77,"column":20},"end":{"line":77,"column":null}},"27":{"start":{"line":78,"column":6},"end":{"line":80,"column":null}},"28":{"start":{"line":79,"column":8},"end":{"line":79,"column":null}},"29":{"start":{"line":81,"column":6},"end":{"line":81,"column":null}},"30":{"start":{"line":83,"column":19},"end":{"line":83,"column":null}},"31":{"start":{"line":84,"column":6},"end":{"line":86,"column":null}},"32":{"start":{"line":85,"column":8},"end":{"line":85,"column":null}},"33":{"start":{"line":87,"column":6},"end":{"line":87,"column":null}},"34":{"start":{"line":91,"column":2},"end":{"line":143,"column":null}},"35":{"start":{"line":132,"column":12},"end":{"line":139,"column":null}}},"fnMap":{"0":{"name":"FileUpload","decl":{"start":{"line":25,"column":9},"end":{"line":25,"column":20}},"loc":{"start":{"line":34,"column":20},"end":{"line":145,"column":null}},"line":34},"1":{"name":"(anonymous_1)","decl":{"start":{"line":37,"column":21},"end":{"line":37,"column":22}},"loc":{"start":{"line":37,"column":45},"end":{"line":45,"column":null}},"line":37},"2":{"name":"(anonymous_2)","decl":{"start":{"line":47,"column":21},"end":{"line":47,"column":22}},"loc":{"start":{"line":47,"column":45},"end":{"line":60,"column":null}},"line":47},"3":{"name":"(anonymous_3)","decl":{"start":{"line":62,"column":23},"end":{"line":62,"column":24}},"loc":{"start":{"line":62,"column":67},"end":{"line":72,"column":null}},"line":62},"4":{"name":"(anonymous_4)","decl":{"start":{"line":75,"column":23},"end":{"line":75,"column":29}},"loc":{"start":{"line":75,"column":29},"end":{"line":89,"column":null}},"line":75},"5":{"name":"(anonymous_5)","decl":{"start":{"line":131,"column":33},"end":{"line":131,"column":34}},"loc":{"start":{"line":132,"column":12},"end":{"line":139,"column":null}},"line":132}},"branchMap":{"0":{"loc":{"start":{"line":30,"column":2},"end":{"line":30,"column":null}},"type":"default-arg","locations":[{"start":{"line":30,"column":11},"end":{"line":30,"column":null}}],"line":30},"1":{"loc":{"start":{"line":31,"column":2},"end":{"line":31,"column":null}},"type":"default-arg","locations":[{"start":{"line":31,"column":9},"end":{"line":31,"column":null}}],"line":31},"2":{"loc":{"start":{"line":32,"column":2},"end":{"line":32,"column":null}},"type":"default-arg","locations":[{"start":{"line":32,"column":7},"end":{"line":32,"column":null}}],"line":32},"3":{"loc":{"start":{"line":33,"column":2},"end":{"line":33,"column":null}},"type":"default-arg","locations":[{"start":{"line":33,"column":19},"end":{"line":33,"column":null}}],"line":33},"4":{"loc":{"start":{"line":40,"column":4},"end":{"line":44,"column":null}},"type":"if","locations":[{"start":{"line":40,"column":4},"end":{"line":44,"column":null}},{"start":{"line":42,"column":4},"end":{"line":44,"column":null}}],"line":40},"5":{"loc":{"start":{"line":40,"column":8},"end":{"line":40,"column":57}},"type":"binary-expr","locations":[{"start":{"line":40,"column":8},"end":{"line":40,"column":34}},{"start":{"line":40,"column":34},"end":{"line":40,"column":57}}],"line":40},"6":{"loc":{"start":{"line":42,"column":4},"end":{"line":44,"column":null}},"type":"if","locations":[{"start":{"line":42,"column":4},"end":{"line":44,"column":null}},{"start":{},"end":{}}],"line":42},"7":{"loc":{"start":{"line":52,"column":4},"end":{"line":59,"column":null}},"type":"if","locations":[{"start":{"line":52,"column":4},"end":{"line":59,"column":null}},{"start":{},"end":{}}],"line":52},"8":{"loc":{"start":{"line":52,"column":8},"end":{"line":52,"column":65}},"type":"binary-expr","locations":[{"start":{"line":52,"column":8},"end":{"line":52,"column":32}},{"start":{"line":52,"column":32},"end":{"line":52,"column":65}}],"line":52},"9":{"loc":{"start":{"line":53,"column":6},"end":{"line":58,"column":null}},"type":"if","locations":[{"start":{"line":53,"column":6},"end":{"line":58,"column":null}},{"start":{"line":56,"column":13},"end":{"line":58,"column":null}}],"line":53},"10":{"loc":{"start":{"line":64,"column":4},"end":{"line":71,"column":null}},"type":"if","locations":[{"start":{"line":64,"column":4},"end":{"line":71,"column":null}},{"start":{},"end":{}}],"line":64},"11":{"loc":{"start":{"line":64,"column":8},"end":{"line":64,"column":53}},"type":"binary-expr","locations":[{"start":{"line":64,"column":8},"end":{"line":64,"column":26}},{"start":{"line":64,"column":26},"end":{"line":64,"column":53}}],"line":64},"12":{"loc":{"start":{"line":65,"column":6},"end":{"line":70,"column":null}},"type":"if","locations":[{"start":{"line":65,"column":6},"end":{"line":70,"column":null}},{"start":{"line":68,"column":13},"end":{"line":70,"column":null}}],"line":65},"13":{"loc":{"start":{"line":76,"column":4},"end":{"line":88,"column":null}},"type":"if","locations":[{"start":{"line":76,"column":4},"end":{"line":88,"column":null}},{"start":{"line":82,"column":11},"end":{"line":88,"column":null}}],"line":76},"14":{"loc":{"start":{"line":78,"column":6},"end":{"line":80,"column":null}},"type":"if","locations":[{"start":{"line":78,"column":6},"end":{"line":80,"column":null}},{"start":{},"end":{}}],"line":78},"15":{"loc":{"start":{"line":78,"column":10},"end":{"line":78,"column":37}},"type":"binary-expr","locations":[{"start":{"line":78,"column":10},"end":{"line":78,"column":19}},{"start":{"line":78,"column":19},"end":{"line":78,"column":37}}],"line":78},"16":{"loc":{"start":{"line":79,"column":41},"end":{"line":79,"column":68}},"type":"cond-expr","locations":[{"start":{"line":79,"column":60},"end":{"line":79,"column":66}},{"start":{"line":79,"column":66},"end":{"line":79,"column":68}}],"line":79},"17":{"loc":{"start":{"line":79,"column":84},"end":{"line":79,"column":111}},"type":"cond-expr","locations":[{"start":{"line":79,"column":103},"end":{"line":79,"column":109}},{"start":{"line":79,"column":109},"end":{"line":79,"column":111}}],"line":79},"18":{"loc":{"start":{"line":84,"column":6},"end":{"line":86,"column":null}},"type":"if","locations":[{"start":{"line":84,"column":6},"end":{"line":86,"column":null}},{"start":{},"end":{}}],"line":84},"19":{"loc":{"start":{"line":93,"column":40},"end":{"line":93,"column":74}},"type":"cond-expr","locations":[{"start":{"line":93,"column":57},"end":{"line":93,"column":72}},{"start":{"line":93,"column":72},"end":{"line":93,"column":74}}],"line":93},"20":{"loc":{"start":{"line":96,"column":34},"end":{"line":96,"column":65}},"type":"cond-expr","locations":[{"start":{"line":96,"column":47},"end":{"line":96,"column":63}},{"start":{"line":96,"column":63},"end":{"line":96,"column":65}}],"line":96},"21":{"loc":{"start":{"line":113,"column":11},"end":{"line":113,"column":null}},"type":"binary-expr","locations":[{"start":{"line":113,"column":11},"end":{"line":113,"column":19}},{"start":{"line":113,"column":19},"end":{"line":113,"column":null}}],"line":113},"22":{"loc":{"start":{"line":118,"column":7},"end":{"line":124,"column":null}},"type":"binary-expr","locations":[{"start":{"line":118,"column":7},"end":{"line":118,"column":20}},{"start":{"line":118,"column":20},"end":{"line":118,"column":null}},{"start":{"line":119,"column":8},"end":{"line":124,"column":null}}],"line":118},"23":{"loc":{"start":{"line":119,"column":37},"end":{"line":119,"column":71}},"type":"cond-expr","locations":[{"start":{"line":119,"column":54},"end":{"line":119,"column":69}},{"start":{"line":119,"column":69},"end":{"line":119,"column":71}}],"line":119},"24":{"loc":{"start":{"line":128,"column":7},"end":{"line":141,"column":null}},"type":"binary-expr","locations":[{"start":{"line":128,"column":7},"end":{"line":128,"column":19}},{"start":{"line":128,"column":19},"end":{"line":128,"column":29}},{"start":{"line":128,"column":29},"end":{"line":128,"column":null}},{"start":{"line":129,"column":8},"end":{"line":141,"column":null}}],"line":128},"25":{"loc":{"start":{"line":129,"column":37},"end":{"line":129,"column":71}},"type":"cond-expr","locations":[{"start":{"line":129,"column":54},"end":{"line":129,"column":69}},{"start":{"line":129,"column":69},"end":{"line":129,"column":71}}],"line":129}},"s":{"0":10,"1":10,"2":1,"3":1,"4":1,"5":1,"6":0,"7":0,"8":10,"9":1,"10":1,"11":1,"12":1,"13":1,"14":0,"15":0,"16":1,"17":10,"18":2,"19":2,"20":2,"21":1,"22":1,"23":1,"24":10,"25":10,"26":3,"27":3,"28":1,"29":2,"30":7,"31":7,"32":1,"33":6,"34":10,"35":2},"f":{"0":10,"1":1,"2":1,"3":2,"4":10,"5":2},"b":{"0":[10],"1":[10],"2":[10],"3":[10],"4":[1,0],"5":[1,0],"6":[0,0],"7":[1,0],"8":[1,1],"9":[0,1],"10":[2,0],"11":[2,2],"12":[1,1],"13":[3,7],"14":[1,2],"15":[3,1],"16":[1,0],"17":[1,0],"18":[1,6],"19":[0,10],"20":[1,9],"21":[10,1],"22":[10,7,1],"23":[0,1],"24":[10,3,1,1],"25":[0,1]},"meta":{"lastBranch":26,"lastFunction":6,"lastStatement":36,"seen":{"f:25:9:25:20":0,"b:30:11:30:Infinity":0,"b:31:9:31:Infinity":1,"b:32:7:32:Infinity":2,"b:33:19:33:Infinity":3,"s:35:34:35:Infinity":0,"s:37:21:45:Infinity":1,"f:37:21:37:22":1,"s:38:4:38:Infinity":2,"s:39:4:39:Infinity":3,"b:40:4:44:Infinity:42:4:44:Infinity":4,"s:40:4:44:Infinity":4,"b:40:8:40:34:40:34:40:57":5,"s:41:6:41:Infinity":5,"b:42:4:44:Infinity:undefined:undefined:undefined:undefined":6,"s:42:4:44:Infinity":6,"s:43:6:43:Infinity":7,"s:47:21:60:Infinity":8,"f:47:21:47:22":2,"s:48:4:48:Infinity":9,"s:49:4:49:Infinity":10,"s:50:4:50:Infinity":11,"b:52:4:59:Infinity:undefined:undefined:undefined:undefined":7,"s:52:4:59:Infinity":12,"b:52:8:52:32:52:32:52:65":8,"b:53:6:58:Infinity:56:13:58:Infinity":9,"s:53:6:58:Infinity":13,"s:54:29:54:Infinity":14,"s:55:8:55:Infinity":15,"s:57:8:57:Infinity":16,"s:62:23:72:Infinity":17,"f:62:23:62:24":3,"s:63:4:63:Infinity":18,"b:64:4:71:Infinity:undefined:undefined:undefined:undefined":10,"s:64:4:71:Infinity":19,"b:64:8:64:26:64:26:64:53":11,"b:65:6:70:Infinity:68:13:70:Infinity":12,"s:65:6:70:Infinity":20,"s:66:30:66:Infinity":21,"s:67:8:67:Infinity":22,"s:69:8:69:Infinity":23,"s:75:23:89:Infinity":24,"f:75:23:75:29":4,"b:76:4:88:Infinity:82:11:88:Infinity":13,"s:76:4:88:Infinity":25,"s:77:20:77:Infinity":26,"b:78:6:80:Infinity:undefined:undefined:undefined:undefined":14,"s:78:6:80:Infinity":27,"b:78:10:78:19:78:19:78:37":15,"s:79:8:79:Infinity":28,"b:79:60:79:66:79:66:79:68":16,"b:79:103:79:109:79:109:79:111":17,"s:81:6:81:Infinity":29,"s:83:19:83:Infinity":30,"b:84:6:86:Infinity:undefined:undefined:undefined:undefined":18,"s:84:6:86:Infinity":31,"s:85:8:85:Infinity":32,"s:87:6:87:Infinity":33,"s:91:2:143:Infinity":34,"b:93:57:93:72:93:72:93:74":19,"b:96:47:96:63:96:63:96:65":20,"b:113:11:113:19:113:19:113:Infinity":21,"b:118:7:118:20:118:20:118:Infinity:119:8:124:Infinity":22,"b:119:54:119:69:119:69:119:71":23,"b:128:7:128:19:128:19:128:29:128:29:128:Infinity:129:8:141:Infinity":24,"b:129:54:129:69:129:69:129:71":25,"f:131:33:131:34":5,"s:132:12:139:Infinity":35}}}
}
